#
# A fatal error has been detected by the Java Runtime Environment:
#
#  EXCEPTION_ACCESS_VIOLATION (0xc0000005) at pc=0x00007ffacd7af12e, pid=3480, tid=14628
#
# JRE version: OpenJDK Runtime Environment Temurin-21.0.8+9 (21.0.8+9) (build 21.0.8+9-LTS)
# Java VM: OpenJDK 64-Bit Server VM Temurin-21.0.8+9 (21.0.8+9-LTS, mixed mode, sharing, tiered, compressed oops, compressed class ptrs, parallel gc, windows-amd64)
# Problematic frame:
# V  [jvm.dll+0x70f12e]
#
# No core dump will be written. Minidumps are not enabled by default on client versions of Windows
#
# If you would like to submit a bug report, please visit:
#   https://github.com/adoptium/adoptium-support/issues
#

---------------  S U M M A R Y ------------

Command Line: --add-modules=ALL-SYSTEM --add-opens=java.base/java.util=ALL-UNNAMED --add-opens=java.base/java.lang=ALL-UNNAMED --add-opens=java.base/sun.nio.fs=ALL-UNNAMED -Declipse.application=org.eclipse.jdt.ls.core.id1 -Dosgi.bundles.defaultStartLevel=4 -Declipse.product=org.eclipse.jdt.ls.core.product -Djava.import.generatesMetadataFilesAtProjectRoot=false -DDetectVMInstallationsJob.disabled=true -Dfile.encoding=utf8 -XX:+UseParallelGC -XX:GCTimeRatio=4 -XX:AdaptiveSizePolicyWeight=90 -Dsun.zip.disableMemoryMapping=true -Xmx2G -Xms100m -Xlog:disable -javaagent:c:\Users\Mayac\.vscode\extensions\redhat.java-1.46.0-win32-x64\lombok\lombok-1.18.39-4050.jar -XX:+HeapDumpOnOutOfMemoryError -XX:HeapDumpPath=c:\Users\Mayac\AppData\Roaming\Code\User\workspaceStorage\55f46971a72cf555b6ece3a415b452e0\redhat.java -Daether.dependencyCollector.impl=bf c:\Users\Mayac\.vscode\extensions\redhat.java-1.46.0-win32-x64\server\plugins\org.eclipse.equinox.launcher_1.7.0.v20250519-0528.jar -configuration c:\Users\Mayac\AppData\Roaming\Code\User\globalStorage\redhat.java\1.46.0\config_win -data c:\Users\Mayac\AppData\Roaming\Code\User\workspaceStorage\55f46971a72cf555b6ece3a415b452e0\redhat.java\jdt_ws --pipe=\\.\pipe\lsp-0328e151156a79dd49dcd3069085d30d-sock

Host: Intel(R) Core(TM) i5-10210U CPU @ 1.60GHz, 8 cores, 15G,  Windows 11 , 64 bit Build 26100 (10.0.26100.6725)
Time: Mon Oct  6 11:10:58 2025 W. Europe Daylight Time elapsed time: 13.556597 seconds (0d 0h 0m 13s)

---------------  T H R E A D  ---------------

Current thread (0x00000203377ea450):  WorkerThread "GC Thread#0"    [id=14628, stack(0x000000c690800000,0x000000c690900000) (1024K)]

Stack: [0x000000c690800000,0x000000c690900000],  sp=0x000000c6908ff8f0,  free space=1022k
Native frames: (J=compiled Java code, j=interpreted, Vv=VM code, C=native code)
V  [jvm.dll+0x70f12e]
V  [jvm.dll+0x712637]
V  [jvm.dll+0x712acf]
V  [jvm.dll+0x8dc2e7]
V  [jvm.dll+0x857e6b]
V  [jvm.dll+0x6d0b0d]
C  [ucrtbase.dll+0x37b0]
C  [KERNEL32.DLL+0x2e8d7]
C  [ntdll.dll+0x8c53c]


siginfo: EXCEPTION_ACCESS_VIOLATION (0xc0000005), reading address 0x0000000000000000


Registers:
RAX=0x00000000804c92d1, RBX=0x00000000804c92d0, RCX=0x0000000000000000, RDX=0x0000000000000000
RSP=0x000000c6908ff8f0, RBP=0x0000000000000000, RSI=0x000000c690aff290, RDI=0x0000000000000003
R8 =0x000009bc00000c58, R9 =0x0000020337720780, R10=0x000002033771ffe0, R11=0x0000000000000001
R12=0x0000000000000005, R13=0x00000203377caf60, R14=0x0000000000000020, R15=0x000000c690aff238
RIP=0x00007ffacd7af12e, EFLAGS=0x0000000000010246

XMM[0]=0x0000003d00002318 0x0000000000000001
XMM[1]=0x697274532f676e61 0x6c2f6176616a4c3b
XMM[2]=0x0000000200000000 0x0000000000000000
XMM[3]=0x0000000000000000 0x0000000000000000
XMM[4]=0x0000000000000000 0x0000000000000000
XMM[5]=0x732f6c6974752f61 0x76616a4c293b676e
XMM[6]=0x0000000000000000 0x0000000000000000
XMM[7]=0x0000000000000000 0x0000000000000000
XMM[8]=0x0000000000000000 0x0000000000000000
XMM[9]=0x0000000000000000 0x0000000000000000
XMM[10]=0x0000000000000000 0x0000000000000000
XMM[11]=0x0000000000000000 0x0000000000000000
XMM[12]=0x0000000000000000 0x0000000000000000
XMM[13]=0x0000000000000000 0x0000000000000000
XMM[14]=0x0000000000000000 0x0000000000000000
XMM[15]=0x0000000000000000 0x0000000000000000
  MXCSR=0x00001fa0


Register to memory mapping:

RAX=0x00000000804c92d1 is pointing into object: [Ljava.lang.Object; 
{0x00000000804c92c0} - klass: 'java/lang/Object'[]
 - length: 1
RBX=0x00000000804c92d0 is pointing into object: [Ljava.lang.Object; 
{0x00000000804c92c0} - klass: 'java/lang/Object'[]
 - length: 1
RCX=0x0 is null
RDX=0x0 is null
RSP=0x000000c6908ff8f0 points into unknown readable memory: 0x000000c690aff238 | 38 f2 af 90 c6 00 00 00
RBP=0x0 is null
RSI=0x000000c690aff290 points into unknown readable memory: 0x0000020300000004 | 04 00 00 00 03 02 00 00
RDI=0x0000000000000003 is an unknown value
R8 =0x000009bc00000c58 is an unknown value
R9 =0x0000020337720780 points into unknown readable memory: 0x00007ffacdb32888 | 88 28 b3 cd fa 7f 00 00
R10=0x000002033771ffe0 points into unknown readable memory: 0x0000000000000000 | 00 00 00 00 00 00 00 00
R11=0x0000000000000001 is an unknown value
R12=0x0000000000000005 is an unknown value
R13=0x00000203377caf60 points into unknown readable memory: 0x0000000000000002 | 02 00 00 00 00 00 00 00
R14=0x0000000000000020 is an unknown value
R15=0x000000c690aff238 points into unknown readable memory: 0x0000020337842a80 | 80 2a 84 37 03 02 00 00

Top of Stack: (sp=0x000000c6908ff8f0)
0x000000c6908ff8f0:   000000c690aff238 0000000000000020
0x000000c6908ff900:   00000203377caf60 0000000000000005
0x000000c6908ff910:   0000020337720780 00007ffacd7b2637
0x000000c6908ff920:   0000020337720780 0000000000000000
0x000000c6908ff930:   000000c690aff290 0000020337720780
0x000000c6908ff940:   000000c690aff130 00007ffacd7b2acf
0x000000c6908ff950:   0000000000000000 000000c6908ff9e9
0x000000c6908ff960:   00000000804c92d1 0000000000000001
0x000000c6908ff970:   0000020337720780 0000000000000003
0x000000c6908ff980:   0000000000000004 00007ffacd763bf1
0x000000c6908ff990:   0000020337720780 0000000000000003
0x000000c6908ff9a0:   00007ffacdb32b68 0000020337720780
0x000000c6908ff9b0:   000000c690aff130 00000203377db2e0
0x000000c6908ff9c0:   00000000000003d8 00000203377db2f0
0x000000c6908ff9d0:   00000203377db6c8 00007ffacdb32b58
0x000000c6908ff9e0:   0000000000000003 0000000000000000
0x000000c6908ff9f0:   0000000000000001 0000000000000001
0x000000c6908ffa00:   0000000000000000 00001aea5a46ca67
0x000000c6908ffa10:   00000203377e98e0 0000000000000000
0x000000c6908ffa20:   0000000000000030 00000203377eabc0
0x000000c6908ffa30:   0000000000000003 00000203354c28c8
0x000000c6908ffa40:   00000203377ea450 00007ffacd97c2e7
0x000000c6908ffa50:   00000203354c28c8 00000203377ea450
0x000000c6908ffa60:   0000000000000070 00000203377eabc0
0x000000c6908ffa70:   0000000000000000 00000203377ea450
0x000000c6908ffa80:   0000000000000000 0000000000100000
0x000000c6908ffa90:   0000000000000000 00007ffacd8f7e6b
0x000000c6908ffaa0:   000000c690800000 00000000ffffffff
0x000000c6908ffab0:   0000000000000000 0000000000000000
0x000000c6908ffac0:   0000000000000004 0000000000001000
0x000000c6908ffad0:   0000000400001000 0000000000020000
0x000000c6908ffae0:   0000000000000000 00007ffb34d3bedb 

Instructions: (pc=0x00007ffacd7af12e)
0x00007ffacd7af02e:   47 28 48 c1 eb 03 48 8b 48 70 88 1c 0a 48 8b 5c
0x00007ffacd7af03e:   24 30 48 83 c4 20 5f c3 cc cc cc cc cc cc cc cc
0x00007ffacd7af04e:   cc cc 40 53 48 83 ec 20 83 79 20 02 48 8b d9 74
0x00007ffacd7af05e:   30 48 8b 49 08 45 33 c0 48 8b 53 18 48 2b d1 48
0x00007ffacd7af06e:   83 c2 10 48 c1 ea 03 e8 56 15 b3 ff 33 c0 c7 43
0x00007ffacd7af07e:   20 01 00 00 00 48 89 43 10 48 89 43 18 48 89 43
0x00007ffacd7af08e:   08 48 83 c4 20 5b c3 cc cc cc cc cc cc cc cc cc
0x00007ffacd7af09e:   cc cc 4c 8b 02 48 8b 42 08 4c 89 41 10 4c 89 41
0x00007ffacd7af0ae:   08 48 8d 04 c5 00 00 00 00 4a 8d 14 00 48 89 51
0x00007ffacd7af0be:   18 48 85 c0 74 10 48 8d 42 f0 48 89 41 18 c7 41
0x00007ffacd7af0ce:   20 00 00 00 00 c3 c7 41 20 02 00 00 00 c3 cc cc
0x00007ffacd7af0de:   cc cc 4d 8b c8 48 8b c2 48 39 51 10 77 0b 48 3b
0x00007ffacd7af0ee:   51 18 73 05 48 89 51 08 c3 41 b0 01 49 8b d1 48
0x00007ffacd7af0fe:   8b c8 e9 cb 14 b3 ff cc cc cc cc cc cc cc cc cc
0x00007ffacd7af10e:   cc cc 40 53 48 83 ec 20 48 8b da 4c 8b c9 8b 12
0x00007ffacd7af11e:   8b 0d 04 0f 52 00 48 d3 e2 48 03 15 f2 0e 52 00
0x00007ffacd7af12e:   4c 8b 02 41 0f b6 c0 24 03 3c 03 74 0d 49 8b c9
0x00007ffacd7af13e:   e8 5d 00 00 00 4c 8b c0 eb 05 90 49 83 e0 fc 8b
0x00007ffacd7af14e:   0d d5 0e 52 00 49 8b c0 48 2b 05 c3 0e 52 00 48
0x00007ffacd7af15e:   d3 e8 89 03 48 8b 05 07 b3 5a 00 48 3b d8 73 1d
0x00007ffacd7af16e:   4c 3b c0 72 18 8b 0d ff f7 57 00 48 8b 05 e0 b2
0x00007ffacd7af17e:   5a 00 48 d3 eb 48 8b 48 30 c6 04 0b 02 48 83 c4
0x00007ffacd7af18e:   20 5b c3 cc cc cc cc cc cc cc cc cc cc cc cc cc
0x00007ffacd7af19e:   cc cc 4c 89 44 24 18 55 56 57 41 56 41 57 48 8b
0x00007ffacd7af1ae:   ec 48 81 ec 80 00 00 00 4c 8b f1 c6 45 48 00 48
0x00007ffacd7af1be:   8b ca 48 8b f2 e8 c8 d2 8f ff 48 8b 4d 40 4c 8b
0x00007ffacd7af1ce:   f8 83 e1 03 83 3d 17 2a 52 00 02 75 09 48 83 f9
0x00007ffacd7af1de:   02 0f 94 c1 eb 05 f6 d1 80 e1 01 84 c9 74 12 48
0x00007ffacd7af1ee:   8d 55 e0 48 8d 4d 40 e8 a6 a6 f4 ff 48 8b 38 eb
0x00007ffacd7af1fe:   04 48 8b 7d 40 48 c1 ef 03 48 89 9c 24 b0 00 00
0x00007ffacd7af20e:   00 83 e7 0f 3b 3d 54 b2 5a 00 4c 89 64 24 78 4c
0x00007ffacd7af21e:   89 6c 24 70 0f 83 7a 01 00 00 49 8b 5e 08 4e 8d 


Stack slot to memory mapping:

stack at sp + 0 slots: 0x000000c690aff238 points into unknown readable memory: 0x0000020337842a80 | 80 2a 84 37 03 02 00 00
stack at sp + 1 slots: 0x0000000000000020 is an unknown value
stack at sp + 2 slots: 0x00000203377caf60 points into unknown readable memory: 0x0000000000000002 | 02 00 00 00 00 00 00 00
stack at sp + 3 slots: 0x0000000000000005 is an unknown value
stack at sp + 4 slots: 0x0000020337720780 points into unknown readable memory: 0x00007ffacdb32888 | 88 28 b3 cd fa 7f 00 00
stack at sp + 5 slots: 0x00007ffacd7b2637 jvm.dll
stack at sp + 6 slots: 0x0000020337720780 points into unknown readable memory: 0x00007ffacdb32888 | 88 28 b3 cd fa 7f 00 00
stack at sp + 7 slots: 0x0 is null


---------------  P R O C E S S  ---------------

Threads class SMR info:
_java_thread_list=0x0000020390e9ab20, length=25, elements={
0x00000203377cc3b0, 0x000002033773ee10, 0x0000020337743a00, 0x0000020337747150,
0x0000020337768430, 0x000002033776b3a0, 0x000002033776cbb0, 0x00000203377781e0,
0x000002033777b9c0, 0x0000020390b8fed0, 0x0000020390b90bf0, 0x0000020390b8e490,
0x0000020390b8eb20, 0x0000020390b8d770, 0x0000020390b8de00, 0x0000020390b90560,
0x0000020390b8f1b0, 0x0000020390b8f840, 0x0000020395438870, 0x0000020395439c20,
0x00000203954381e0, 0x000002039543c380, 0x0000020395438f00, 0x000002033777d500,
0x000002033777b2f0
}

Java Threads: ( => current thread )
  0x00000203377cc3b0 JavaThread "main"                              [_thread_blocked, id=14832, stack(0x000000c690700000,0x000000c690800000) (1024K)]
  0x000002033773ee10 JavaThread "Reference Handler"          daemon [_thread_blocked, id=15172, stack(0x000000c690b00000,0x000000c690c00000) (1024K)]
  0x0000020337743a00 JavaThread "Finalizer"                  daemon [_thread_blocked, id=14956, stack(0x000000c690c00000,0x000000c690d00000) (1024K)]
  0x0000020337747150 JavaThread "Signal Dispatcher"          daemon [_thread_blocked, id=15208, stack(0x000000c690d00000,0x000000c690e00000) (1024K)]
  0x0000020337768430 JavaThread "Attach Listener"            daemon [_thread_blocked, id=14652, stack(0x000000c690e00000,0x000000c690f00000) (1024K)]
  0x000002033776b3a0 JavaThread "Service Thread"             daemon [_thread_blocked, id=2376, stack(0x000000c690f00000,0x000000c691000000) (1024K)]
  0x000002033776cbb0 JavaThread "Monitor Deflation Thread"   daemon [_thread_blocked, id=2496, stack(0x000000c691000000,0x000000c691100000) (1024K)]
  0x00000203377781e0 JavaThread "C2 CompilerThread0"         daemon [_thread_blocked, id=14860, stack(0x000000c691100000,0x000000c691200000) (1024K)]
  0x000002033777b9c0 JavaThread "C1 CompilerThread0"         daemon [_thread_blocked, id=2536, stack(0x000000c691200000,0x000000c691300000) (1024K)]
  0x0000020390b8fed0 JavaThread "Common-Cleaner"             daemon [_thread_blocked, id=15216, stack(0x000000c691300000,0x000000c691400000) (1024K)]
  0x0000020390b90bf0 JavaThread "Notification Thread"        daemon [_thread_blocked, id=14800, stack(0x000000c691400000,0x000000c691500000) (1024K)]
  0x0000020390b8e490 JavaThread "Equinox resolver thread - Equinox Container: 24c193b6-2eef-4b15-a49b-95836348743b" daemon [_thread_blocked, id=15116, stack(0x000000c691d00000,0x000000c691e00000) (1024K)]
  0x0000020390b8eb20 JavaThread "Equinox resolver thread - Equinox Container: 24c193b6-2eef-4b15-a49b-95836348743b" daemon [_thread_blocked, id=14736, stack(0x000000c691e00000,0x000000c691f00000) (1024K)]
  0x0000020390b8d770 JavaThread "Equinox resolver thread - Equinox Container: 24c193b6-2eef-4b15-a49b-95836348743b" daemon [_thread_blocked, id=14644, stack(0x000000c691f00000,0x000000c692000000) (1024K)]
  0x0000020390b8de00 JavaThread "Equinox resolver thread - Equinox Container: 24c193b6-2eef-4b15-a49b-95836348743b" daemon [_thread_blocked, id=14748, stack(0x000000c692000000,0x000000c692100000) (1024K)]
  0x0000020390b90560 JavaThread "Equinox resolver thread - Equinox Container: 24c193b6-2eef-4b15-a49b-95836348743b" daemon [_thread_blocked, id=3128, stack(0x000000c692100000,0x000000c692200000) (1024K)]
  0x0000020390b8f1b0 JavaThread "Equinox resolver thread - Equinox Container: 24c193b6-2eef-4b15-a49b-95836348743b" daemon [_thread_blocked, id=14764, stack(0x000000c692200000,0x000000c692300000) (1024K)]
  0x0000020390b8f840 JavaThread "Active Thread: Equinox Container: 24c193b6-2eef-4b15-a49b-95836348743b"        [_thread_blocked, id=3220, stack(0x000000c692300000,0x000000c692400000) (1024K)]
  0x0000020395438870 JavaThread "Framework Event Dispatcher: Equinox Container: 24c193b6-2eef-4b15-a49b-95836348743b" daemon [_thread_blocked, id=9200, stack(0x000000c691500000,0x000000c691600000) (1024K)]
  0x0000020395439c20 JavaThread "Start Level: Equinox Container: 24c193b6-2eef-4b15-a49b-95836348743b" daemon [_thread_blocked, id=15372, stack(0x000000c692400000,0x000000c692500000) (1024K)]
  0x00000203954381e0 JavaThread "Refresh Thread: Equinox Container: 24c193b6-2eef-4b15-a49b-95836348743b" daemon [_thread_blocked, id=15556, stack(0x000000c692500000,0x000000c692600000) (1024K)]
  0x000002039543c380 JavaThread "Equinox resolver thread - Equinox Container: 24c193b6-2eef-4b15-a49b-95836348743b" daemon [_thread_blocked, id=15580, stack(0x000000c692600000,0x000000c692700000) (1024K)]
  0x0000020395438f00 JavaThread "Equinox resolver thread - Equinox Container: 24c193b6-2eef-4b15-a49b-95836348743b" daemon [_thread_blocked, id=15584, stack(0x000000c692700000,0x000000c692800000) (1024K)]
  0x000002033777d500 JavaThread "C2 CompilerThread1"         daemon [_thread_blocked, id=15588, stack(0x000000c692800000,0x000000c692900000) (1024K)]
  0x000002033777b2f0 JavaThread "C2 CompilerThread2"         daemon [_thread_blocked, id=15592, stack(0x000000c692900000,0x000000c692a00000) (1024K)]
Total: 25

Other Threads:
  0x00000203377225f0 VMThread "VM Thread"                           [id=14564, stack(0x000000c690a00000,0x000000c690b00000) (1024K)]
  0x000002033765ca00 WatcherThread "VM Periodic Task Thread"        [id=14864, stack(0x000000c690900000,0x000000c690a00000) (1024K)]
=>0x00000203377ea450 WorkerThread "GC Thread#0"                     [id=14628, stack(0x000000c690800000,0x000000c690900000) (1024K)]
  0x0000020395347e40 WorkerThread "GC Thread#1"                     [id=2644, stack(0x000000c691600000,0x000000c691700000) (1024K)]
  0x000002039535c690 WorkerThread "GC Thread#2"                     [id=6696, stack(0x000000c691700000,0x000000c691800000) (1024K)]
  0x000002039535ca30 WorkerThread "GC Thread#3"                     [id=15184, stack(0x000000c691800000,0x000000c691900000) (1024K)]
  0x000002039535cdd0 WorkerThread "GC Thread#4"                     [id=15140, stack(0x000000c691900000,0x000000c691a00000) (1024K)]
  0x000002039535d170 WorkerThread "GC Thread#5"                     [id=14776, stack(0x000000c691a00000,0x000000c691b00000) (1024K)]
  0x00000203954ec5d0 WorkerThread "GC Thread#6"                     [id=14760, stack(0x000000c691b00000,0x000000c691c00000) (1024K)]
  0x0000020395a15800 WorkerThread "GC Thread#7"                     [id=15368, stack(0x000000c691c00000,0x000000c691d00000) (1024K)]
Total: 10

Threads with active compile tasks:
C2 CompilerThread0  13649 2694       4       org.eclipse.osgi.storage.bundlefile.ZipBundleFile$1::next (5 bytes)
C2 CompilerThread1  13649 2688       4       java.util.zip.ZipFile$ZipEntryIterator::nextElement (5 bytes)
C2 CompilerThread2  13649 2689   !   4       java.util.zip.ZipFile$ZipEntryIterator::next (71 bytes)
Total: 3

VM state: at safepoint (normal execution)

VM Mutex/Monitor currently owned by a thread:  ([mutex/lock_event])
[0x00007ffacdd55458] Threads_lock - owner thread: 0x00000203377225f0
[0x00007ffacdd55558] Heap_lock - owner thread: 0x0000020395439c20

Heap address: 0x0000000080000000, size: 2048 MB, Compressed Oops mode: 32-bit

CDS archive(s) mapped at: [0x000002034f000000-0x000002034fba0000-0x000002034fba0000), size 12189696, SharedBaseAddress: 0x000002034f000000, ArchiveRelocationMode: 1.
Compressed class space mapped at: 0x0000020350000000-0x0000020390000000, reserved size: 1073741824
Narrow klass base: 0x000002034f000000, Narrow klass shift: 0, Narrow klass range: 0x100000000

GC Precious Log:
 CardTable entry size: 512
 CPUs: 8 total, 8 available
 Memory: 16157M
 Large Page Support: Disabled
 NUMA Support: Disabled
 Compressed Oops: Enabled (32-bit)
 Alignments: Space 512K, Generation 512K, Heap 2M
 Heap Min Capacity: 100M
 Heap Initial Capacity: 100M
 Heap Max Capacity: 2G
 Pre-touch: Disabled
 Parallel Workers: 8

Heap:
 PSYoungGen      total 29696K, used 29673K [0x00000000d5580000, 0x00000000d7680000, 0x0000000100000000)
  eden space 25600K, 100% used [0x00000000d5580000,0x00000000d6e80000,0x00000000d6e80000)
  from space 4096K, 99% used [0x00000000d6e80000,0x00000000d727a4d0,0x00000000d7280000)
  to   space 4096K, 99% used [0x00000000d7280000,0x00000000d767b670,0x00000000d7680000)
 ParOldGen       total 68608K, used 6378K [0x0000000080000000, 0x0000000084300000, 0x00000000d5580000)
  object space 68608K, 9% used [0x0000000080000000,0x000000008063a858,0x0000000084300000)
 Metaspace       used 10073K, committed 10304K, reserved 1114112K
  class space    used 1056K, committed 1152K, reserved 1048576K

Card table byte_map: [0x0000020337170000,0x0000020337580000] _byte_map_base: 0x0000020336d70000

Marking Bits: (ParMarkBitMap*) 0x00007ffacdd5a340
 Begin Bits: [0x0000020349c70000, 0x000002034bc70000)
 End Bits:   [0x000002034bc70000, 0x000002034dc70000)

Polling page: 0x0000020335600000

Metaspace:

Usage:
  Non-class:      8.81 MB used.
      Class:      1.03 MB used.
       Both:      9.84 MB used.

Virtual space:
  Non-class space:       64.00 MB reserved,       8.94 MB ( 14%) committed,  1 nodes.
      Class space:        1.00 GB reserved,       1.12 MB ( <1%) committed,  1 nodes.
             Both:        1.06 GB reserved,      10.06 MB ( <1%) committed. 

Chunk freelists:
   Non-Class:  6.14 MB
       Class:  14.75 MB
        Both:  20.89 MB

MaxMetaspaceSize: unlimited
CompressedClassSpaceSize: 1.00 GB
Initial GC threshold: 21.00 MB
Current GC threshold: 21.00 MB
CDS: on
 - commit_granule_bytes: 65536.
 - commit_granule_words: 8192.
 - virtual_space_node_default_size: 8388608.
 - enlarge_chunks_in_place: 1.
 - use_allocation_guard: 0.


Internal statistics:

num_allocs_failed_limit: 0.
num_arena_births: 258.
num_arena_deaths: 0.
num_vsnodes_births: 2.
num_vsnodes_deaths: 0.
num_space_committed: 161.
num_space_uncommitted: 0.
num_chunks_returned_to_freelist: 0.
num_chunks_taken_from_freelist: 513.
num_chunk_merges: 0.
num_chunk_splits: 330.
num_chunks_enlarged: 230.
num_inconsistent_stats: 0.

CodeHeap 'non-profiled nmethods': size=120000Kb used=1177Kb max_used=1177Kb free=118822Kb
 bounds [0x0000020342490000, 0x0000020342700000, 0x00000203499c0000]
CodeHeap 'profiled nmethods': size=120000Kb used=5286Kb max_used=5286Kb free=114713Kb
 bounds [0x000002033a9c0000, 0x000002033aef0000, 0x0000020341ef0000]
CodeHeap 'non-nmethods': size=5760Kb used=1233Kb max_used=1276Kb free=4526Kb
 bounds [0x0000020341ef0000, 0x0000020342160000, 0x0000020342490000]
CodeCache: size=245760Kb, used=7696Kb, max_used=7739Kb, free=238061Kb
 total_blobs=3186, nmethods=2690, adapters=402, full_count=0
Compilation: enabled, stopped_count=0, restarted_count=0

Compilation events (20 events):
Event: 13.509 Thread 0x000002033777d500 nmethod 2684 0x00000203425b1910 code [0x00000203425b1ae0, 0x00000203425b2218]
Event: 13.509 Thread 0x000002033777d500 2687       4       java.util.zip.ZipEntry::<init> (84 bytes)
Event: 13.509 Thread 0x000002033777b9c0 2690   !   3       org.eclipse.osgi.storage.BundleInfo$Generation::getRevision (17 bytes)
Event: 13.510 Thread 0x000002033777b9c0 nmethod 2690 0x000002033aee8b10 code [0x000002033aee8cc0, 0x000002033aee8ec0]
Event: 13.510 Thread 0x000002033777b9c0 2691       3       org.eclipse.osgi.container.ModuleRevision::getBundle (8 bytes)
Event: 13.510 Thread 0x000002033777b9c0 nmethod 2691 0x000002033aee8f90 code [0x000002033aee9140, 0x000002033aee9378]
Event: 13.510 Thread 0x000002033777b9c0 2692       3       org.eclipse.osgi.container.ModuleRevisions::getBundle (8 bytes)
Event: 13.510 Thread 0x000002033777b9c0 nmethod 2692 0x000002033aee9490 code [0x000002033aee9640, 0x000002033aee9818]
Event: 13.510 Thread 0x000002033777d500 nmethod 2687 0x00000203425b2610 code [0x00000203425b27a0, 0x00000203425b28d8]
Event: 13.511 Thread 0x000002033777d500 2686       4       java.util.zip.ZipFile$ZipEntryIterator::hasMoreElements (5 bytes)
Event: 13.511 Thread 0x000002033777b2f0 nmethod 2685 0x00000203425b2a10 code [0x00000203425b2be0, 0x00000203425b3300]
Event: 13.511 Thread 0x000002033777d500 nmethod 2686 0x00000203425b3710 code [0x00000203425b38a0, 0x00000203425b3940]
Event: 13.512 Thread 0x000002033777d500 2688       4       java.util.zip.ZipFile$ZipEntryIterator::nextElement (5 bytes)
Event: 13.512 Thread 0x000002033777b2f0 2689   !   4       java.util.zip.ZipFile$ZipEntryIterator::next (71 bytes)
Event: 13.515 Thread 0x000002033777b9c0 2695       1       org.eclipse.osgi.internal.loader.EquinoxClassLoader::getClasspathManager (5 bytes)
Event: 13.515 Thread 0x000002033777b9c0 nmethod 2695 0x00000203425b3a10 code [0x00000203425b3ba0, 0x00000203425b3c68]
Event: 13.538 Thread 0x00000203377781e0 nmethod 2683 0x00000203425b3d10 code [0x00000203425b3f80, 0x00000203425b55b8]
Event: 13.538 Thread 0x00000203377781e0 2693       4       org.eclipse.osgi.storage.bundlefile.ZipBundleFile$1::hasNext (10 bytes)
Event: 13.539 Thread 0x00000203377781e0 nmethod 2693 0x00000203425b6310 code [0x00000203425b64a0, 0x00000203425b6580]
Event: 13.539 Thread 0x00000203377781e0 2694       4       org.eclipse.osgi.storage.bundlefile.ZipBundleFile$1::next (5 bytes)

GC Heap History (7 events):
Event: 2.607 GC heap before
{Heap before GC invocations=1 (full 0):
 PSYoungGen      total 29696K, used 25600K [0x00000000d5580000, 0x00000000d7680000, 0x0000000100000000)
  eden space 25600K, 100% used [0x00000000d5580000,0x00000000d6e80000,0x00000000d6e80000)
  from space 4096K, 0% used [0x00000000d7280000,0x00000000d7280000,0x00000000d7680000)
  to   space 4096K, 0% used [0x00000000d6e80000,0x00000000d6e80000,0x00000000d7280000)
 ParOldGen       total 68608K, used 0K [0x0000000080000000, 0x0000000084300000, 0x00000000d5580000)
  object space 68608K, 0% used [0x0000000080000000,0x0000000080000000,0x0000000084300000)
 Metaspace       used 4436K, committed 4672K, reserved 1114112K
  class space    used 488K, committed 576K, reserved 1048576K
}
Event: 2.619 GC heap after
{Heap after GC invocations=1 (full 0):
 PSYoungGen      total 29696K, used 3335K [0x00000000d5580000, 0x00000000d7680000, 0x0000000100000000)
  eden space 25600K, 0% used [0x00000000d5580000,0x00000000d5580000,0x00000000d6e80000)
  from space 4096K, 81% used [0x00000000d6e80000,0x00000000d71c1e18,0x00000000d7280000)
  to   space 4096K, 0% used [0x00000000d7280000,0x00000000d7280000,0x00000000d7680000)
 ParOldGen       total 68608K, used 8K [0x0000000080000000, 0x0000000084300000, 0x00000000d5580000)
  object space 68608K, 0% used [0x0000000080000000,0x0000000080002000,0x0000000084300000)
 Metaspace       used 4436K, committed 4672K, reserved 1114112K
  class space    used 488K, committed 576K, reserved 1048576K
}
Event: 11.630 GC heap before
{Heap before GC invocations=2 (full 0):
 PSYoungGen      total 29696K, used 28935K [0x00000000d5580000, 0x00000000d7680000, 0x0000000100000000)
  eden space 25600K, 100% used [0x00000000d5580000,0x00000000d6e80000,0x00000000d6e80000)
  from space 4096K, 81% used [0x00000000d6e80000,0x00000000d71c1e18,0x00000000d7280000)
  to   space 4096K, 0% used [0x00000000d7280000,0x00000000d7280000,0x00000000d7680000)
 ParOldGen       total 68608K, used 8K [0x0000000080000000, 0x0000000084300000, 0x00000000d5580000)
  object space 68608K, 0% used [0x0000000080000000,0x0000000080002000,0x0000000084300000)
 Metaspace       used 8328K, committed 8640K, reserved 1114112K
  class space    used 886K, committed 1024K, reserved 1048576K
}
Event: 11.638 GC heap after
{Heap after GC invocations=2 (full 0):
 PSYoungGen      total 29696K, used 4085K [0x00000000d5580000, 0x00000000d7680000, 0x0000000100000000)
  eden space 25600K, 0% used [0x00000000d5580000,0x00000000d5580000,0x00000000d6e80000)
  from space 4096K, 99% used [0x00000000d7280000,0x00000000d767d790,0x00000000d7680000)
  to   space 4096K, 0% used [0x00000000d6e80000,0x00000000d6e80000,0x00000000d7280000)
 ParOldGen       total 68608K, used 89K [0x0000000080000000, 0x0000000084300000, 0x00000000d5580000)
  object space 68608K, 0% used [0x0000000080000000,0x0000000080016688,0x0000000084300000)
 Metaspace       used 8328K, committed 8640K, reserved 1114112K
  class space    used 886K, committed 1024K, reserved 1048576K
}
Event: 12.827 GC heap before
{Heap before GC invocations=3 (full 0):
 PSYoungGen      total 29696K, used 29685K [0x00000000d5580000, 0x00000000d7680000, 0x0000000100000000)
  eden space 25600K, 100% used [0x00000000d5580000,0x00000000d6e80000,0x00000000d6e80000)
  from space 4096K, 99% used [0x00000000d7280000,0x00000000d767d790,0x00000000d7680000)
  to   space 4096K, 0% used [0x00000000d6e80000,0x00000000d6e80000,0x00000000d7280000)
 ParOldGen       total 68608K, used 89K [0x0000000080000000, 0x0000000084300000, 0x00000000d5580000)
  object space 68608K, 0% used [0x0000000080000000,0x0000000080016688,0x0000000084300000)
 Metaspace       used 8811K, committed 9152K, reserved 1114112K
  class space    used 916K, committed 1088K, reserved 1048576K
}
Event: 12.836 GC heap after
{Heap after GC invocations=3 (full 0):
 PSYoungGen      total 29696K, used 4073K [0x00000000d5580000, 0x00000000d7680000, 0x0000000100000000)
  eden space 25600K, 0% used [0x00000000d5580000,0x00000000d5580000,0x00000000d6e80000)
  from space 4096K, 99% used [0x00000000d6e80000,0x00000000d727a4d0,0x00000000d7280000)
  to   space 4096K, 0% used [0x00000000d7280000,0x00000000d7280000,0x00000000d7680000)
 ParOldGen       total 68608K, used 4797K [0x0000000080000000, 0x0000000084300000, 0x00000000d5580000)
  object space 68608K, 6% used [0x0000000080000000,0x00000000804af7c0,0x0000000084300000)
 Metaspace       used 8811K, committed 9152K, reserved 1114112K
  class space    used 916K, committed 1088K, reserved 1048576K
}
Event: 13.540 GC heap before
{Heap before GC invocations=4 (full 0):
 PSYoungGen      total 29696K, used 29673K [0x00000000d5580000, 0x00000000d7680000, 0x0000000100000000)
  eden space 25600K, 100% used [0x00000000d5580000,0x00000000d6e80000,0x00000000d6e80000)
  from space 4096K, 99% used [0x00000000d6e80000,0x00000000d727a4d0,0x00000000d7280000)
  to   space 4096K, 0% used [0x00000000d7280000,0x00000000d7280000,0x00000000d7680000)
 ParOldGen       total 68608K, used 4797K [0x0000000080000000, 0x0000000084300000, 0x00000000d5580000)
  object space 68608K, 6% used [0x0000000080000000,0x00000000804af7c0,0x0000000084300000)
 Metaspace       used 10073K, committed 10304K, reserved 1114112K
  class space    used 1056K, committed 1152K, reserved 1048576K
}

Dll operation events (9 events):
Event: 0.643 Loaded shared library c:\Users\Mayac\.vscode\extensions\redhat.java-1.46.0-win32-x64\jre\21.0.8-win32-x86_64\bin\java.dll
Event: 0.879 Loaded shared library c:\Users\Mayac\.vscode\extensions\redhat.java-1.46.0-win32-x64\jre\21.0.8-win32-x86_64\bin\zip.dll
Event: 0.918 Loaded shared library C:\Users\Mayac\.vscode\extensions\redhat.java-1.46.0-win32-x64\jre\21.0.8-win32-x86_64\bin\instrument.dll
Event: 1.012 Loaded shared library C:\Users\Mayac\.vscode\extensions\redhat.java-1.46.0-win32-x64\jre\21.0.8-win32-x86_64\bin\net.dll
Event: 1.110 Loaded shared library C:\Users\Mayac\.vscode\extensions\redhat.java-1.46.0-win32-x64\jre\21.0.8-win32-x86_64\bin\nio.dll
Event: 1.146 Loaded shared library C:\Users\Mayac\.vscode\extensions\redhat.java-1.46.0-win32-x64\jre\21.0.8-win32-x86_64\bin\zip.dll
Event: 1.180 Loaded shared library C:\Users\Mayac\.vscode\extensions\redhat.java-1.46.0-win32-x64\jre\21.0.8-win32-x86_64\bin\jimage.dll
Event: 1.399 Loaded shared library c:\Users\Mayac\.vscode\extensions\redhat.java-1.46.0-win32-x64\jre\21.0.8-win32-x86_64\bin\verify.dll
Event: 12.976 Loaded shared library C:\Users\Mayac\AppData\Roaming\Code\User\globalStorage\redhat.java\1.46.0\config_win\org.eclipse.equinox.launcher\org.eclipse.equinox.launcher.win32.win32.x86_64_1.2.1400.v20250801-0854\eclipse_11916.dll

Deoptimization events (20 events):
Event: 13.222 Thread 0x0000020395439c20 Uncommon trap: trap_request=0xffffffde fr.pc=0x0000020342560c9c relative=0x000000000000007c
Event: 13.222 Thread 0x0000020395439c20 Uncommon trap: reason=class_check action=maybe_recompile pc=0x0000020342560c9c method=java.util.Collections$3.hasMoreElements()Z @ 4 c2
Event: 13.222 Thread 0x0000020395439c20 DEOPT PACKING pc=0x0000020342560c9c sp=0x000000c6924fdd00
Event: 13.222 Thread 0x0000020395439c20 DEOPT UNPACKING pc=0x0000020341f43aa2 sp=0x000000c6924fdc90 mode 2
Event: 13.222 Thread 0x0000020395439c20 Uncommon trap: trap_request=0xffffffde fr.pc=0x0000020342560c9c relative=0x000000000000007c
Event: 13.222 Thread 0x0000020395439c20 Uncommon trap: reason=class_check action=maybe_recompile pc=0x0000020342560c9c method=java.util.Collections$3.hasMoreElements()Z @ 4 c2
Event: 13.222 Thread 0x0000020395439c20 DEOPT PACKING pc=0x0000020342560c9c sp=0x000000c6924fdd00
Event: 13.222 Thread 0x0000020395439c20 DEOPT UNPACKING pc=0x0000020341f43aa2 sp=0x000000c6924fdc90 mode 2
Event: 13.377 Thread 0x0000020395439c20 Uncommon trap: trap_request=0xffffff45 fr.pc=0x00000203424d2d7c relative=0x000000000000019c
Event: 13.377 Thread 0x0000020395439c20 Uncommon trap: reason=unstable_if action=reinterpret pc=0x00000203424d2d7c method=java.lang.invoke.VarHandle.checkAccessModeThenIsDirect(Ljava/lang/invoke/VarHandle$AccessDescriptor;)Z @ 4 c2
Event: 13.377 Thread 0x0000020395439c20 DEOPT PACKING pc=0x00000203424d2d7c sp=0x000000c6924fd0b0
Event: 13.377 Thread 0x0000020395439c20 DEOPT UNPACKING pc=0x0000020341f43aa2 sp=0x000000c6924fd008 mode 2
Event: 13.381 Thread 0x0000020395439c20 Uncommon trap: trap_request=0xffffff45 fr.pc=0x000002034253da78 relative=0x00000000000001d8
Event: 13.381 Thread 0x0000020395439c20 Uncommon trap: reason=unstable_if action=reinterpret pc=0x000002034253da78 method=java.io.BufferedInputStream.getBufIfOpen(Z)[B @ 6 c2
Event: 13.381 Thread 0x0000020395439c20 DEOPT PACKING pc=0x000002034253da78 sp=0x000000c6924fcf70
Event: 13.381 Thread 0x0000020395439c20 DEOPT UNPACKING pc=0x0000020341f43aa2 sp=0x000000c6924fcf08 mode 2
Event: 13.479 Thread 0x0000020395439c20 Uncommon trap: trap_request=0xffffff45 fr.pc=0x00000203424c8f74 relative=0x0000000000000054
Event: 13.479 Thread 0x0000020395439c20 Uncommon trap: reason=unstable_if action=reinterpret pc=0x00000203424c8f74 method=java.lang.CharacterData.of(I)Ljava/lang/CharacterData; @ 4 c2
Event: 13.479 Thread 0x0000020395439c20 DEOPT PACKING pc=0x00000203424c8f74 sp=0x000000c6924fda80
Event: 13.479 Thread 0x0000020395439c20 DEOPT UNPACKING pc=0x0000020341f43aa2 sp=0x000000c6924fda18 mode 2

Classes loaded (20 events):
Event: 13.432 Loading class sun/util/logging/resources/logging_en_US
Event: 13.432 Loading class sun/util/logging/resources/logging_en_US done
Event: 13.436 Loading class java/util/Formatter$DateTime
Event: 13.436 Loading class java/util/Formatter$DateTime done
Event: 13.436 Loading class java/util/Formatter$FixedString
Event: 13.436 Loading class java/util/Formatter$FixedString done
Event: 13.437 Loading class java/time/ZonedDateTime$1
Event: 13.438 Loading class java/time/ZonedDateTime$1 done
Event: 13.444 Loading class jdk/internal/module/ModulePatcher$PatchedModuleReader
Event: 13.444 Loading class jdk/internal/module/ModulePatcher$PatchedModuleReader done
Event: 13.464 Loading class sun/util/resources/LocaleData$CommonResourceBundleProvider
Event: 13.464 Loading class sun/util/resources/LocaleData$LocaleDataResourceBundleProvider
Event: 13.465 Loading class java/util/spi/ResourceBundleProvider
Event: 13.465 Loading class java/util/spi/ResourceBundleProvider done
Event: 13.465 Loading class sun/util/resources/LocaleData$LocaleDataResourceBundleProvider done
Event: 13.465 Loading class sun/util/resources/LocaleData$CommonResourceBundleProvider done
Event: 13.467 Loading class sun/text/resources/cldr/FormatData_en
Event: 13.467 Loading class sun/text/resources/cldr/FormatData_en done
Event: 13.468 Loading class sun/util/resources/Bundles$2
Event: 13.468 Loading class sun/util/resources/Bundles$2 done

Classes unloaded (0 events):
No events

Classes redefined (0 events):
No events

Internal exceptions (20 events):
Event: 2.719 Thread 0x00000203377cc3b0 Implicit null exception at 0x00000203424fb49a to 0x00000203424fb6bc
Event: 2.720 Thread 0x00000203377cc3b0 Exception <a 'java/lang/NoSuchMethodError'{0x00000000d5808278}: 'void java.lang.invoke.DirectMethodHandle$Holder.invokeStatic(java.lang.Object, java.lang.Object, java.lang.Object, java.lang.Object)'> (0x00000000d5808278) 
thrown [s\src\hotspot\share\interpreter\linkResolver.cpp, line 773]
Event: 2.722 Thread 0x00000203377cc3b0 Implicit null exception at 0x00000203424f4d1a to 0x00000203424f4f3c
Event: 2.722 Thread 0x00000203377cc3b0 Implicit null exception at 0x00000203424f08c0 to 0x00000203424f0945
Event: 2.894 Thread 0x00000203377cc3b0 Exception <a 'java/lang/NoSuchMethodError'{0x00000000d5c07b30}: 'int java.lang.invoke.DirectMethodHandle$Holder.invokeVirtual(java.lang.Object, java.lang.Object)'> (0x00000000d5c07b30) 
thrown [s\src\hotspot\share\interpreter\linkResolver.cpp, line 773]
Event: 3.308 Thread 0x00000203377cc3b0 Exception <a 'java/lang/IncompatibleClassChangeError'{0x00000000d65d1490}: Found class java.lang.Object, but interface was expected> (0x00000000d65d1490) 
thrown [s\src\hotspot\share\interpreter\linkResolver.cpp, line 840]
Event: 3.310 Thread 0x00000203377cc3b0 Exception <a 'java/lang/NoSuchMethodError'{0x00000000d65d9f90}: 'void java.lang.invoke.DirectMethodHandle$Holder.invokeInterface(java.lang.Object, java.lang.Object, java.lang.Object)'> (0x00000000d65d9f90) 
thrown [s\src\hotspot\share\interpreter\linkResolver.cpp, line 773]
Event: 3.354 Thread 0x00000203377cc3b0 Exception <a 'java/lang/NoSuchMethodError'{0x00000000d684c490}: 'int java.lang.invoke.DirectMethodHandle$Holder.invokeStaticInit(java.lang.Object, java.lang.Object, java.lang.Object, java.lang.Object)'> (0x00000000d684c490) 
thrown [s\src\hotspot\share\interpreter\linkResolver.cpp, line 773]
Event: 3.358 Thread 0x00000203377cc3b0 Exception <a 'java/lang/NoSuchMethodError'{0x00000000d6856b20}: 'void java.lang.invoke.DirectMethodHandle$Holder.invokeStaticInit(java.lang.Object, java.lang.Object)'> (0x00000000d6856b20) 
thrown [s\src\hotspot\share\interpreter\linkResolver.cpp, line 773]
Event: 3.361 Thread 0x00000203377cc3b0 Exception <a 'java/lang/NoSuchMethodError'{0x00000000d685c020}: 'int java.lang.invoke.DirectMethodHandle$Holder.invokeStaticInit(java.lang.Object, java.lang.Object)'> (0x00000000d685c020) 
thrown [s\src\hotspot\share\interpreter\linkResolver.cpp, line 773]
Event: 3.421 Thread 0x00000203377cc3b0 Exception <a 'java/lang/NoSuchMethodError'{0x00000000d6a43ef8}: 'java.lang.Object java.lang.invoke.DirectMethodHandle$Holder.newInvokeSpecial(java.lang.Object, int, java.lang.Object)'> (0x00000000d6a43ef8) 
thrown [s\src\hotspot\share\interpreter\linkResolver.cpp, line 773]
Event: 3.475 Thread 0x00000203377cc3b0 Exception <a 'java/lang/ClassNotFoundException'{0x00000000d6bbf040}: sun/net/www/protocol/plurl/Handler> (0x00000000d6bbf040) 
thrown [s\src\hotspot\share\classfile\systemDictionary.cpp, line 312]
Event: 3.475 Thread 0x00000203377cc3b0 Exception <a 'java/lang/ClassNotFoundException'{0x00000000d6bbfec0}: sun/net/www/protocol/plurl/Handler> (0x00000000d6bbfec0) 
thrown [s\src\hotspot\share\classfile\systemDictionary.cpp, line 312]
Event: 3.481 Thread 0x00000203377cc3b0 Exception <a 'java/lang/NoSuchMethodError'{0x00000000d6bff568}: 'void java.lang.invoke.DirectMethodHandle$Holder.invokeSpecial(java.lang.Object, java.lang.Object, java.lang.Object)'> (0x00000000d6bff568) 
thrown [s\src\hotspot\share\interpreter\linkResolver.cpp, line 773]
Event: 12.525 Thread 0x00000203377cc3b0 Exception <a 'java/lang/UnsatisfiedLinkError'{0x00000000d6ac5e78}: 'void org.eclipse.equinox.launcher.JNIBridge._update_splash()'> (0x00000000d6ac5e78) 
thrown [s\src\hotspot\share\prims\nativeLookup.cpp, line 415]
Event: 13.300 Thread 0x0000020395439c20 Exception <a 'java/lang/NoSuchMethodError'{0x00000000d646c740}: 'java.lang.Object java.lang.invoke.DirectMethodHandle$Holder.newInvokeSpecial(java.lang.Object, java.lang.Object, int, java.lang.Object)'> (0x00000000d646c740) 
thrown [s\src\hotspot\share\interpreter\linkResolver.cpp, line 773]
Event: 13.301 Thread 0x0000020395439c20 Exception <a 'java/lang/NoSuchMethodError'{0x00000000d6470840}: 'java.lang.Object java.lang.invoke.DirectMethodHandle$Holder.invokeSpecial(java.lang.Object, java.lang.Object, java.lang.Object, int, java.lang.Object)'> (0x00000000d6470840) 
thrown [s\src\hotspot\share\interpreter\linkResolver.cpp, line 773]
Event: 13.324 Thread 0x0000020395439c20 Exception <a 'java/lang/NoClassDefFoundError'{0x00000000d65198c8}: jakarta/servlet/ServletContainerInitializer> (0x00000000d65198c8) 
thrown [s\src\hotspot\share\classfile\systemDictionary.cpp, line 301]
Event: 13.406 Thread 0x0000020395439c20 Exception <a 'java/lang/NoSuchMethodError'{0x00000000d6668d20}: 'java.lang.Object java.lang.invoke.DirectMethodHandle$Holder.invokeStatic(java.lang.Object, int, java.lang.Object)'> (0x00000000d6668d20) 
thrown [s\src\hotspot\share\interpreter\linkResolver.cpp, line 773]
Event: 13.428 Thread 0x0000020395439c20 Exception <a 'java/lang/ClassNotFoundException'{0x00000000d66ce7b8}: sun/util/logging/resources/spi/loggingProvider> (0x00000000d66ce7b8) 
thrown [s\src\hotspot\share\classfile\systemDictionary.cpp, line 312]

ZGC Phase Switch (0 events):
No events

VM Operations (20 events):
Event: 12.540 Executing VM operation: HandshakeAllThreads (Deoptimize) done
Event: 12.795 Executing VM operation: HandshakeAllThreads (Deoptimize)
Event: 12.795 Executing VM operation: HandshakeAllThreads (Deoptimize) done
Event: 12.795 Executing VM operation: Cleanup
Event: 12.795 Executing VM operation: Cleanup done
Event: 12.827 Executing VM operation: ParallelGCFailedAllocation (Allocation Failure)
Event: 12.836 Executing VM operation: ParallelGCFailedAllocation (Allocation Failure) done
Event: 13.167 Executing VM operation: ICBufferFull
Event: 13.167 Executing VM operation: ICBufferFull done
Event: 13.327 Executing VM operation: HandshakeAllThreads (Deoptimize)
Event: 13.327 Executing VM operation: HandshakeAllThreads (Deoptimize) done
Event: 13.392 Executing VM operation: HandshakeAllThreads (Deoptimize)
Event: 13.392 Executing VM operation: HandshakeAllThreads (Deoptimize) done
Event: 13.445 Executing VM operation: HandshakeAllThreads (Deoptimize)
Event: 13.445 Executing VM operation: HandshakeAllThreads (Deoptimize) done
Event: 13.480 Executing VM operation: HandshakeAllThreads (Deoptimize)
Event: 13.480 Executing VM operation: HandshakeAllThreads (Deoptimize) done
Event: 13.493 Executing VM operation: HandshakeAllThreads (Deoptimize)
Event: 13.493 Executing VM operation: HandshakeAllThreads (Deoptimize) done
Event: 13.540 Executing VM operation: ParallelGCFailedAllocation (Allocation Failure)

Memory protections (0 events):
No events

Nmethod flushes (0 events):
No events

Events (20 events):
Event: 2.947 Thread 0x000002033777b9c0 Thread added: 0x000002033777c090
Event: 2.947 Thread 0x000002033777b9c0 Thread added: 0x000002033777c760
Event: 3.282 Thread 0x00000203377cc3b0 Thread added: 0x0000020390b8e490
Event: 3.285 Thread 0x0000020390b8e490 Thread added: 0x0000020390b8eb20
Event: 3.292 Thread 0x00000203377cc3b0 Thread added: 0x0000020390b8d770
Event: 3.295 Thread 0x00000203377cc3b0 Thread added: 0x0000020390b8de00
Event: 3.299 Thread 0x00000203377cc3b0 Thread added: 0x0000020390b90560
Event: 3.303 Thread 0x00000203377cc3b0 Thread added: 0x0000020390b8f1b0
Event: 3.379 Thread 0x00000203377cc3b0 Thread added: 0x0000020390b8f840
Event: 3.573 Thread 0x000002033777c760 Thread exited: 0x000002033777c760
Event: 3.627 Thread 0x000002033777c090 Thread exited: 0x000002033777c090
Event: 11.627 Thread 0x00000203377cc3b0 Thread added: 0x0000020395438870
Event: 11.643 Thread 0x00000203377cc3b0 Thread added: 0x0000020395439c20
Event: 11.870 Thread 0x000002033777b9c0 Thread added: 0x000002033777ac20
Event: 12.345 Thread 0x000002033777ac20 Thread exited: 0x000002033777ac20
Event: 12.522 Thread 0x00000203377cc3b0 Thread added: 0x00000203954381e0
Event: 12.837 Thread 0x00000203954381e0 Thread added: 0x000002039543c380
Event: 12.837 Thread 0x00000203954381e0 Thread added: 0x0000020395438f00
Event: 12.989 Thread 0x00000203377781e0 Thread added: 0x000002033777d500
Event: 13.055 Thread 0x000002033777b9c0 Thread added: 0x000002033777b2f0


Dynamic libraries:
0x00007ff7dac50000 - 0x00007ff7dac5e000 	c:\Users\Mayac\.vscode\extensions\redhat.java-1.46.0-win32-x64\jre\21.0.8-win32-x86_64\bin\java.exe
0x00007ffb37980000 - 0x00007ffb37be8000 	C:\Windows\SYSTEM32\ntdll.dll
0x00007ffb367e0000 - 0x00007ffb368a9000 	C:\Windows\System32\KERNEL32.DLL
0x00007ffb34c80000 - 0x00007ffb35072000 	C:\Windows\System32\KERNELBASE.dll
0x00007ffb351d0000 - 0x00007ffb3531b000 	C:\Windows\System32\ucrtbase.dll
0x00007ffacded0000 - 0x00007ffacdee8000 	c:\Users\Mayac\.vscode\extensions\redhat.java-1.46.0-win32-x64\jre\21.0.8-win32-x86_64\bin\jli.dll
0x00007fface9f0000 - 0x00007ffacea0e000 	c:\Users\Mayac\.vscode\extensions\redhat.java-1.46.0-win32-x64\jre\21.0.8-win32-x86_64\bin\VCRUNTIME140.dll
0x00007ffb37760000 - 0x00007ffb37925000 	C:\Windows\System32\USER32.dll
0x00007ffb35450000 - 0x00007ffb35477000 	C:\Windows\System32\win32u.dll
0x00007ffb36960000 - 0x00007ffb3698b000 	C:\Windows\System32\GDI32.dll
0x00007ffb33f20000 - 0x00007ffb341b3000 	C:\Windows\WinSxS\amd64_microsoft.windows.common-controls_6595b64144ccf1df_6.0.26100.6725_none_3e085828e334708b\COMCTL32.dll
0x00007ffb36af0000 - 0x00007ffb36b99000 	C:\Windows\System32\msvcrt.dll
0x00007ffb35320000 - 0x00007ffb3544d000 	C:\Windows\System32\gdi32full.dll
0x00007ffb35080000 - 0x00007ffb35123000 	C:\Windows\System32\msvcp_win.dll
0x00007ffb368b0000 - 0x00007ffb368df000 	C:\Windows\System32\IMM32.DLL
0x00007ffb28360000 - 0x00007ffb2836c000 	c:\Users\Mayac\.vscode\extensions\redhat.java-1.46.0-win32-x64\jre\21.0.8-win32-x86_64\bin\vcruntime140_1.dll
0x00007ffacde40000 - 0x00007ffacdecd000 	c:\Users\Mayac\.vscode\extensions\redhat.java-1.46.0-win32-x64\jre\21.0.8-win32-x86_64\bin\msvcp140.dll
0x00007ffacd0a0000 - 0x00007ffacde37000 	c:\Users\Mayac\.vscode\extensions\redhat.java-1.46.0-win32-x64\jre\21.0.8-win32-x86_64\bin\server\jvm.dll
0x00007ffb37690000 - 0x00007ffb37744000 	C:\Windows\System32\ADVAPI32.dll
0x00007ffb36730000 - 0x00007ffb367d6000 	C:\Windows\System32\sechost.dll
0x00007ffb36610000 - 0x00007ffb36728000 	C:\Windows\System32\RPCRT4.dll
0x00007ffb362b0000 - 0x00007ffb36324000 	C:\Windows\System32\WS2_32.dll
0x00007ffb34970000 - 0x00007ffb349ce000 	C:\Windows\SYSTEM32\POWRPROF.dll
0x00007ffb1b500000 - 0x00007ffb1b535000 	C:\Windows\SYSTEM32\WINMM.dll
0x00007ffb25f20000 - 0x00007ffb25f2b000 	C:\Windows\SYSTEM32\VERSION.dll
0x00007ffb34950000 - 0x00007ffb34964000 	C:\Windows\SYSTEM32\UMPDC.dll
0x00007ffb32f70000 - 0x00007ffb32f8b000 	C:\Windows\SYSTEM32\kernel.appcore.dll
0x00007ffb19af0000 - 0x00007ffb19afa000 	c:\Users\Mayac\.vscode\extensions\redhat.java-1.46.0-win32-x64\jre\21.0.8-win32-x86_64\bin\jimage.dll
0x00007ffb342d0000 - 0x00007ffb34512000 	C:\Windows\SYSTEM32\DBGHELP.DLL
0x00007ffb35770000 - 0x00007ffb35aeb000 	C:\Windows\System32\combase.dll
0x00007ffb36a10000 - 0x00007ffb36ae7000 	C:\Windows\System32\OLEAUT32.dll
0x00007ffb341c0000 - 0x00007ffb341fc000 	C:\Windows\SYSTEM32\dbgcore.DLL
0x00007ffb35130000 - 0x00007ffb351c8000 	C:\Windows\System32\bcryptPrimitives.dll
0x00007ffb19030000 - 0x00007ffb1903f000 	c:\Users\Mayac\.vscode\extensions\redhat.java-1.46.0-win32-x64\jre\21.0.8-win32-x86_64\bin\instrument.dll
0x00007fface9a0000 - 0x00007fface9bf000 	c:\Users\Mayac\.vscode\extensions\redhat.java-1.46.0-win32-x64\jre\21.0.8-win32-x86_64\bin\java.dll
0x00007ffb36db0000 - 0x00007ffb374fc000 	C:\Windows\System32\SHELL32.dll
0x00007ffb34b10000 - 0x00007ffb34c7b000 	C:\Windows\System32\wintypes.dll
0x00007ffb31cc0000 - 0x00007ffb3251d000 	C:\Windows\SYSTEM32\windows.storage.dll
0x00007ffb37590000 - 0x00007ffb37682000 	C:\Windows\System32\SHCORE.dll
0x00007ffb36d40000 - 0x00007ffb36da2000 	C:\Windows\System32\shlwapi.dll
0x00007ffb34a30000 - 0x00007ffb34a59000 	C:\Windows\SYSTEM32\profapi.dll
0x00007ffb283b0000 - 0x00007ffb283c8000 	c:\Users\Mayac\.vscode\extensions\redhat.java-1.46.0-win32-x64\jre\21.0.8-win32-x86_64\bin\zip.dll
0x00007ffb283a0000 - 0x00007ffb283b0000 	C:\Users\Mayac\.vscode\extensions\redhat.java-1.46.0-win32-x64\jre\21.0.8-win32-x86_64\bin\net.dll
0x00007ffb26890000 - 0x00007ffb269af000 	C:\Windows\SYSTEM32\WINHTTP.dll
0x00007ffb33480000 - 0x00007ffb334eb000 	C:\Windows\system32\mswsock.dll
0x00007ffb28380000 - 0x00007ffb28396000 	C:\Users\Mayac\.vscode\extensions\redhat.java-1.46.0-win32-x64\jre\21.0.8-win32-x86_64\bin\nio.dll
0x00007ffb28370000 - 0x00007ffb28380000 	c:\Users\Mayac\.vscode\extensions\redhat.java-1.46.0-win32-x64\jre\21.0.8-win32-x86_64\bin\verify.dll
0x00007ffac4ac0000 - 0x00007ffac4b04000 	C:\Users\Mayac\AppData\Roaming\Code\User\globalStorage\redhat.java\1.46.0\config_win\org.eclipse.equinox.launcher\org.eclipse.equinox.launcher.win32.win32.x86_64_1.2.1400.v20250801-0854\eclipse_11916.dll
0x00007ffb36ba0000 - 0x00007ffb36d38000 	C:\Windows\System32\ole32.dll

JVMTI agents:
c:\Users\Mayac\.vscode\extensions\redhat.java-1.46.0-win32-x64\lombok\lombok-1.18.39-4050.jar path:c:\Users\Mayac\.vscode\extensions\redhat.java-1.46.0-win32-x64\jre\21.0.8-win32-x86_64\bin\instrument.dll, loaded, initialized, instrumentlib options:none

dbghelp: loaded successfully - version: 4.0.5 - missing functions: none
symbol engine: initialized successfully - sym options: 0x614 - pdb path: .;c:\Users\Mayac\.vscode\extensions\redhat.java-1.46.0-win32-x64\jre\21.0.8-win32-x86_64\bin;C:\Windows\SYSTEM32;C:\Windows\WinSxS\amd64_microsoft.windows.common-controls_6595b64144ccf1df_6.0.26100.6725_none_3e085828e334708b;c:\Users\Mayac\.vscode\extensions\redhat.java-1.46.0-win32-x64\jre\21.0.8-win32-x86_64\bin\server;C:\Users\Mayac\AppData\Roaming\Code\User\globalStorage\redhat.java\1.46.0\config_win\org.eclipse.equinox.launcher\org.eclipse.equinox.launcher.win32.win32.x86_64_1.2.1400.v20250801-0854

VM Arguments:
jvm_args: --add-modules=ALL-SYSTEM --add-opens=java.base/java.util=ALL-UNNAMED --add-opens=java.base/java.lang=ALL-UNNAMED --add-opens=java.base/sun.nio.fs=ALL-UNNAMED -Declipse.application=org.eclipse.jdt.ls.core.id1 -Dosgi.bundles.defaultStartLevel=4 -Declipse.product=org.eclipse.jdt.ls.core.product -Djava.import.generatesMetadataFilesAtProjectRoot=false -DDetectVMInstallationsJob.disabled=true -Dfile.encoding=utf8 -XX:+UseParallelGC -XX:GCTimeRatio=4 -XX:AdaptiveSizePolicyWeight=90 -Dsun.zip.disableMemoryMapping=true -Xmx2G -Xms100m -Xlog:disable -javaagent:c:\Users\Mayac\.vscode\extensions\redhat.java-1.46.0-win32-x64\lombok\lombok-1.18.39-4050.jar -XX:+HeapDumpOnOutOfMemoryError -XX:HeapDumpPath=c:\Users\Mayac\AppData\Roaming\Code\User\workspaceStorage\55f46971a72cf555b6ece3a415b452e0\redhat.java -Daether.dependencyCollector.impl=bf 
java_command: c:\Users\Mayac\.vscode\extensions\redhat.java-1.46.0-win32-x64\server\plugins\org.eclipse.equinox.launcher_1.7.0.v20250519-0528.jar -configuration c:\Users\Mayac\AppData\Roaming\Code\User\globalStorage\redhat.java\1.46.0\config_win -data c:\Users\Mayac\AppData\Roaming\Code\User\workspaceStorage\55f46971a72cf555b6ece3a415b452e0\redhat.java\jdt_ws --pipe=\\.\pipe\lsp-0328e151156a79dd49dcd3069085d30d-sock
java_class_path (initial): c:\Users\Mayac\.vscode\extensions\redhat.java-1.46.0-win32-x64\server\plugins\org.eclipse.equinox.launcher_1.7.0.v20250519-0528.jar
Launcher Type: SUN_STANDARD

[Global flags]
    uintx AdaptiveSizePolicyWeight                 = 90                                        {product} {command line}
     intx CICompilerCount                          = 4                                         {product} {ergonomic}
    uintx GCTimeRatio                              = 4                                         {product} {command line}
     bool HeapDumpOnOutOfMemoryError               = true                                   {manageable} {command line}
    ccstr HeapDumpPath                             = c:\Users\Mayac\AppData\Roaming\Code\User\workspaceStorage\55f46971a72cf555b6ece3a415b452e0\redhat.java         {manageable} {command line}
   size_t InitialHeapSize                          = 104857600                                 {product} {command line}
   size_t MaxHeapSize                              = 2147483648                                {product} {command line}
   size_t MaxNewSize                               = 715653120                                 {product} {ergonomic}
   size_t MinHeapDeltaBytes                        = 524288                                    {product} {ergonomic}
   size_t MinHeapSize                              = 104857600                                 {product} {command line}
   size_t NewSize                                  = 34603008                                  {product} {ergonomic}
    uintx NonNMethodCodeHeapSize                   = 5839372                                {pd product} {ergonomic}
    uintx NonProfiledCodeHeapSize                  = 122909434                              {pd product} {ergonomic}
   size_t OldSize                                  = 70254592                                  {product} {ergonomic}
    uintx ProfiledCodeHeapSize                     = 122909434                              {pd product} {ergonomic}
    uintx ReservedCodeCacheSize                    = 251658240                              {pd product} {ergonomic}
     bool SegmentedCodeCache                       = true                                      {product} {ergonomic}
   size_t SoftMaxHeapSize                          = 2147483648                             {manageable} {ergonomic}
     bool UseCompressedOops                        = true                           {product lp64_product} {ergonomic}
     bool UseLargePagesIndividualAllocation        = false                                  {pd product} {ergonomic}
     bool UseParallelGC                            = true                                      {product} {command line}

Logging:
Log output configuration:
 #0: stdout all=off uptime,level,tags foldmultilines=false
 #1: stderr all=off uptime,level,tags foldmultilines=false

Environment Variables:
PATH=C:\Program Files\Common Files\Oracle\Java\javapath;C:\Windows\system32;C:\Windows;C:\Windows\System32\Wbem;C:\Windows\System32\WindowsPowerShell\v1.0\;C:\Windows\System32\OpenSSH\;C:\Program Files\Git\cmd;C:\Users\Mayac\AppData\Local\Microsoft\WindowsApps;C:\Users\Mayac\AppData\Local\GitHubDesktop\bin;C:\Users\Mayac\AppData\Local\Programs\Microsoft VS Code\bin
USERNAME=Mayac
OS=Windows_NT
PROCESSOR_IDENTIFIER=Intel64 Family 6 Model 142 Stepping 12, GenuineIntel
TMP=C:\Users\Mayac\AppData\Local\Temp
TEMP=C:\Users\Mayac\AppData\Local\Temp




Periodic native trim disabled

---------------  S Y S T E M  ---------------

OS:
 Windows 11 , 64 bit Build 26100 (10.0.26100.6725)
OS uptime: 0 days 0:01 hours
Hyper-V role detected

CPU: total 8 (initial active 8) (4 cores per cpu, 2 threads per core) family 6 model 142 stepping 12 microcode 0x100, cx8, cmov, fxsr, ht, mmx, 3dnowpref, sse, sse2, sse3, ssse3, sse4.1, sse4.2, popcnt, lzcnt, tsc, tscinvbit, avx, avx2, aes, erms, clmul, bmi1, bmi2, adx, fma, vzeroupper, clflush, clflushopt, hv, rdtscp, f16c
Processor Information for the first 8 processors :
  Max Mhz: 2112, Current Mhz: 1609, Mhz Limit: 1605

Memory: 4k page, system-wide physical 16157M (9146M free)
TotalPageFile size 17437M (AvailPageFile size 10210M)
current process WorkingSet (physical memory assigned to process): 116M, peak: 116M
current process commit charge ("private bytes"): 255M, peak: 257M

vm_info: OpenJDK 64-Bit Server VM (21.0.8+9-LTS) for windows-amd64 JRE (21.0.8+9-LTS), built on 2025-07-15T00:00:00Z by "admin" with MS VC++ 17.7 (VS2022)

END.
